0 info it worked if it ends with ok
1 verbose cli [ 'C:\\Program Files (x86)\\nodejs\\node.exe',
1 verbose cli   'C:\\Users\\jbrage.CORPU4AGR\\AppData\\Roaming\\npm\\node_modules\\npm\\bin\\npm-cli.js',
1 verbose cli   'version',
1 verbose cli   '0.0.9' ]
2 info using npm@2.15.3
3 info using node@v7.8.0
4 info git [ 'status', '--porcelain' ]
5 verbose stack Error: Git working directory not clean.
5 verbose stack M npm-debug.log
5 verbose stack M package.json
5 verbose stack     at C:\Users\jbrage.CORPU4AGR\AppData\Roaming\npm\node_modules\npm\lib\version.js:171:21
5 verbose stack     at ChildProcess.exithandler (child_process.js:197:7)
5 verbose stack     at emitTwo (events.js:106:13)
5 verbose stack     at ChildProcess.emit (events.js:194:7)
5 verbose stack     at maybeClose (internal/child_process.js:899:16)
5 verbose stack     at Process.ChildProcess._handle.onexit (internal/child_process.js:226:5)
6 verbose cwd C:\Users\jbrage.CORPU4AGR\SkyDrive\Code\Good\GoodCore
7 error Windows_NT 6.3.9600
8 error argv "C:\\Program Files (x86)\\nodejs\\node.exe" "C:\\Users\\jbrage.CORPU4AGR\\AppData\\Roaming\\npm\\node_modules\\npm\\bin\\npm-cli.js" "version" "0.0.9"
9 error node v7.8.0
10 error npm  v2.15.3
11 error Git working directory not clean.
11 error M npm-debug.log
11 error M package.json
12 error If you need help, you may report this error at:
12 error     <https://github.com/npm/npm/issues>
13 verbose exit [ 1, true ]
